<?xml version="1.0" encoding="UTF-8"?>
<testng-results skipped="0" failed="0" total="1" passed="1">
  <reporter-output>
  </reporter-output>
  <suite name="Default suite" duration-ms="24330" started-at="2016-10-25T06:07:57Z" finished-at="2016-10-25T06:08:21Z">
    <groups>
    </groups>
    <test name="Default test" duration-ms="24330" started-at="2016-10-25T06:07:57Z" finished-at="2016-10-25T06:08:21Z">
      <class name="Android_Login_pkg.Android_Login_cls">
        <test-method status="PASS" signature="setUp()[pri:0, instance:Android_Login_pkg.Android_Login_cls@1efbd816]" name="setUp" duration-ms="24304" started-at="2016-10-25T11:37:57Z" finished-at="2016-10-25T11:38:21Z">
          <reporter-output>
          </reporter-output>
        </test-method> <!-- setUp -->
      </class> <!-- Android_Login_pkg.Android_Login_cls -->
    </test> <!-- Default test -->
  </suite> <!-- Default suite -->
</testng-results>
