<?xml version="1.0" encoding="UTF-8"?>
<testng-results skipped="0" failed="0" total="1" passed="1">
  <reporter-output>
  </reporter-output>
  <suite name="Default suite" duration-ms="26605" started-at="2016-11-02T09:49:23Z" finished-at="2016-11-02T09:49:50Z">
    <groups>
    </groups>
    <test name="Default test" duration-ms="26605" started-at="2016-11-02T09:49:23Z" finished-at="2016-11-02T09:49:50Z">
      <class name="com.accolite.aceit.login.CalcTest">
        <test-method status="PASS" signature="setUp()[pri:0, instance:com.accolite.aceit.login.CalcTest@7ac7a4e4]" name="setUp" duration-ms="26584" started-at="2016-11-02T15:19:23Z" finished-at="2016-11-02T15:19:50Z">
          <reporter-output>
          </reporter-output>
        </test-method> <!-- setUp -->
      </class> <!-- com.accolite.aceit.login.CalcTest -->
    </test> <!-- Default test -->
  </suite> <!-- Default suite -->
</testng-results>
