<?xml version="1.0" encoding="UTF-8"?>
<testng-results skipped="0" failed="0" total="2" passed="2">
  <reporter-output>
  </reporter-output>
  <suite name="gridtesting" duration-ms="11899" started-at="2016-11-19T22:15:08Z" finished-at="2016-11-19T22:15:20Z">
    <groups>
    </groups>
    <test name="run on device 1" duration-ms="9641" started-at="2016-11-19T22:15:08Z" finished-at="2016-11-19T22:15:18Z">
      <class name="com.accolite.appiumGrid.appiumGridCls">
        <test-method status="PASS" signature="setUp(java.lang.String)[pri:0, instance:com.accolite.appiumGrid.appiumGridCls@7ac7a4e4]" name="setUp" duration-ms="9609" started-at="2016-11-20T03:45:08Z" finished-at="2016-11-20T03:45:18Z">
          <params>
            <param index="0">
              <value>
                <![CDATA[emulator-5554]]>
              </value>
            </param>
          </params>
          <reporter-output>
          </reporter-output>
        </test-method> <!-- setUp -->
      </class> <!-- com.accolite.appiumGrid.appiumGridCls -->
    </test> <!-- run on device 1 -->
    <test name="run on device 2" duration-ms="11899" started-at="2016-11-19T22:15:08Z" finished-at="2016-11-19T22:15:20Z">
      <class name="com.accolite.appiumGrid.appiumGridCls">
        <test-method status="PASS" signature="setUp(java.lang.String)[pri:0, instance:com.accolite.appiumGrid.appiumGridCls@d2cc05a]" name="setUp" duration-ms="11868" started-at="2016-11-20T03:45:08Z" finished-at="2016-11-20T03:45:20Z">
          <params>
            <param index="0">
              <value>
                <![CDATA[emulator-5556]]>
              </value>
            </param>
          </params>
          <reporter-output>
          </reporter-output>
        </test-method> <!-- setUp -->
      </class> <!-- com.accolite.appiumGrid.appiumGridCls -->
    </test> <!-- run on device 2 -->
  </suite> <!-- gridtesting -->
</testng-results>
